#
# A fatal error has been detected by the Java Runtime Environment:
#
#  EXCEPTION_ACCESS_VIOLATION (0xc0000005) at pc=0x6d8fa815, pid=3308, tid=5220
#
# JRE version: 6.0_18-b07
# Java VM: Java HotSpot(TM) Client VM (16.0-b13 mixed mode, sharing windows-x86 )
# Problematic frame:
# V  [jvm.dll+0xfa815]
#
# If you would like to submit a bug report, please visit:
#   http://java.sun.com/webapps/bugreport/crash.jsp
#

---------------  T H R E A D  ---------------

Current thread (0x03ff9800):  JavaThread "AWT-EventQueue-0" [_thread_in_vm, id=5220, stack(0x045f0000,0x04640000)]

siginfo: ExceptionCode=0xc0000005, reading address 0x00000000

Registers:
EAX=0x00000000, EBX=0x00000000, ECX=0x03ff9800, EDX=0x6da348c8
ESP=0x0463ef6c, EBP=0x0463ef88, ESI=0x03ff9910, EDI=0x03ff9800
EIP=0x6d8fa815, EFLAGS=0x00010246

Top of Stack: (sp=0x0463ef6c)
0x0463ef6c:   03ff9910 03fe2474 00000000 03ff9800
0x0463ef7c:   0192968c 00000165 6da348c8 00000000
0x0463ef8c:   7349f6d1 03ff9910 00000000 03ff9910
0x0463ef9c:   73491e4b 03ff9910 00000000 03ff9910
0x0463efac:   03fe2474 03fe2d30 03ff9800 0463f44c
0x0463efbc:   0463f458 00000000 00000000 00000000
0x0463efcc:   fffffdf3 0463f46c 0463f448 0028eb34
0x0463efdc:   0463f470 00000000 00000000 00000000 

Instructions: (pc=0x6d8fa815)
0x6d8fa805:   00 00 00 74 08 8d 4d f0 e8 de fb 08 00 8b 45 0c
0x6d8fa815:   8b 08 8b 51 04 8b 42 3c 50 56 e8 fc a4 01 00 89 


Stack: [0x045f0000,0x04640000],  sp=0x0463ef6c,  free space=13b0463e91ck
Native frames: (J=compiled Java code, j=interpreted, Vv=VM code, C=native code)
V  [jvm.dll+0xfa815]

Java frames: (J=compiled Java code, j=interpreted, Vv=VM code)
J  com.jacob.com.Dispatch.invokev(Lcom/jacob/com/Dispatch;Ljava/lang/String;III[Lcom/jacob/com/Variant;[I)Lcom/jacob/com/Variant;
J  es.mgamallo.prometeo.GestionJacobXedoc.formateaWebsXedoc(Lcom/jacob/activeX/ActiveXComponent;)V
j  es.mgamallo.prometeo.GestionJacobXedoc.inicializa2Xedocs()V+6
j  es.mgamallo.prometeo.InicioXedoc.<init>()V+30
j  es.mgamallo.prometeo.InterfazPrincipal$2.commandReceived(Lchrriis/dj/nativeswing/swtimpl/components/WebBrowserCommandEvent;)V+2708
j  chrriis.dj.nativeswing.swtimpl.components.JWebBrowser$NativeWebBrowserListener.commandReceived(Lchrriis/dj/nativeswing/swtimpl/components/WebBrowserCommandEvent;)V+46
j  chrriis.dj.nativeswing.swtimpl.components.core.NativeWebBrowser$CMJ_commandReceived.run([Ljava/lang/Object;)Ljava/lang/Object;+146
j  chrriis.dj.nativeswing.swtimpl.CommandMessage.runCommand()Ljava/lang/Object;+18
j  chrriis.dj.nativeswing.swtimpl.core.ControlCommandMessage.runCommand()Ljava/lang/Object;+1
j  chrriis.dj.nativeswing.swtimpl.NativeInterface.runMessageCommand(Lchrriis/dj/nativeswing/swtimpl/CommandMessage;)Ljava/lang/Object;+1
j  chrriis.dj.nativeswing.swtimpl.core.SWTNativeInterface.runMessageCommand(Lchrriis/dj/nativeswing/swtimpl/CommandMessage;)Ljava/lang/Object;+1
j  chrriis.dj.nativeswing.swtimpl.core.MessagingInterface.runMessage(Lchrriis/dj/nativeswing/swtimpl/Message;)Lchrriis/dj/nativeswing/swtimpl/core/MessagingInterface$CommandResultMessage;+66
j  chrriis.dj.nativeswing.swtimpl.core.MessagingInterface.processReceivedMessages()Lchrriis/dj/nativeswing/swtimpl/core/MessagingInterface$CommandResultMessage;+59
j  chrriis.dj.nativeswing.swtimpl.core.MessagingInterface.access$2(Lchrriis/dj/nativeswing/swtimpl/core/MessagingInterface;)Lchrriis/dj/nativeswing/swtimpl/core/MessagingInterface$CommandResultMessage;+1
j  chrriis.dj.nativeswing.swtimpl.core.MessagingInterface$2$2.run()V+7
j  java.awt.event.InvocationEvent.dispatch()V+47
j  java.awt.EventQueue.dispatchEvent(Ljava/awt/AWTEvent;)V+26
j  java.awt.EventDispatchThread.pumpOneEventForFilters(I)Z+204
j  java.awt.EventDispatchThread.pumpEventsForFilter(ILjava/awt/Conditional;Ljava/awt/EventFilter;)V+30
j  java.awt.EventDispatchThread.pumpEventsForHierarchy(ILjava/awt/Conditional;Ljava/awt/Component;)V+11
j  java.awt.EventDispatchThread.pumpEvents(ILjava/awt/Conditional;)V+4
j  java.awt.EventDispatchThread.pumpEvents(Ljava/awt/Conditional;)V+3
j  java.awt.EventDispatchThread.run()V+9
v  ~StubRoutines::call_stub

---------------  P R O C E S S  ---------------

Java Threads: ( => current thread )
  0x04af1800 JavaThread "NativeSwing Auto-Shutdown" daemon [_thread_blocked, id=6356, stack(0x04950000,0x049a0000)]
  0x04af2000 JavaThread "JNativeHook Native Dispatch" [_thread_blocked, id=8108, stack(0x047d0000,0x04820000)]
  0x040b4400 JavaThread "JNativeHook Native Hook" [_thread_in_native, id=5320, stack(0x046d0000,0x04720000)]
=>0x03ff9800 JavaThread "AWT-EventQueue-0" [_thread_in_vm, id=5220, stack(0x045f0000,0x04640000)]
  0x03f91800 JavaThread "Registry cleanup thread-0" daemon [_thread_blocked, id=6684, stack(0x043a0000,0x043f0000)]
  0x03f91400 JavaThread "NativeSwing[1] Swing Receiver" daemon [_thread_in_native, id=6200, stack(0x04350000,0x043a0000)]
  0x03f90c00 JavaThread "NativeSwing[1] err Stream Connector" daemon [_thread_in_native, id=6944, stack(0x04280000,0x042d0000)]
  0x03fc6c00 JavaThread "NativeSwing[1] out Stream Connector" daemon [_thread_in_native, id=6868, stack(0x04230000,0x04280000)]
  0x019bb400 JavaThread "AWT-Windows" daemon [_thread_in_native, id=8132, stack(0x04150000,0x041a0000)]
  0x019bac00 JavaThread "AWT-Shutdown" [_thread_blocked, id=6892, stack(0x03ef0000,0x03f40000)]
  0x019cf000 JavaThread "Java2D Disposer" daemon [_thread_blocked, id=4704, stack(0x03ea0000,0x03ef0000)]
  0x01922000 JavaThread "Low Memory Detector" daemon [_thread_blocked, id=6460, stack(0x03d10000,0x03d60000)]
  0x0191d000 JavaThread "CompilerThread0" daemon [_thread_blocked, id=5120, stack(0x03cc0000,0x03d10000)]
  0x0191c000 JavaThread "Attach Listener" daemon [_thread_blocked, id=4776, stack(0x03c70000,0x03cc0000)]
  0x01919000 JavaThread "Signal Dispatcher" daemon [_thread_blocked, id=6756, stack(0x03c20000,0x03c70000)]
  0x0190fc00 JavaThread "Finalizer" daemon [_thread_blocked, id=5628, stack(0x03bd0000,0x03c20000)]
  0x0190e400 JavaThread "Reference Handler" daemon [_thread_blocked, id=7708, stack(0x03b80000,0x03bd0000)]
  0x012aa000 JavaThread "main" [_thread_blocked, id=6544, stack(0x00180000,0x001d0000)]

Other Threads:
  0x0190d400 VMThread [stack: 0x03b30000,0x03b80000] [id=7264]
  0x0192e400 WatcherThread [stack: 0x03d60000,0x03db0000] [id=7360]

VM state:not at safepoint (normal execution)

VM Mutex/Monitor currently owned by a thread: None

Heap
 def new generation   total 78656K, used 68764K [0x23710000, 0x28c60000, 0x28c60000)
  eden space 69952K,  98% used [0x23710000, 0x27a372d0, 0x27b60000)
  from space 8704K,   0% used [0x27b60000, 0x27b60000, 0x283e0000)
  to   space 8704K,   0% used [0x283e0000, 0x283e0000, 0x28c60000)
 tenured generation   total 174784K, used 174783K [0x28c60000, 0x33710000, 0x33710000)
   the space 174784K,  99% used [0x28c60000, 0x3370fff8, 0x33710000, 0x33710000)
 compacting perm gen  total 12288K, used 4284K [0x33710000, 0x34310000, 0x37710000)
   the space 12288K,  34% used [0x33710000, 0x33b3f3f0, 0x33b3f400, 0x34310000)
    ro space 10240K,  51% used [0x37710000, 0x37c37b58, 0x37c37c00, 0x38110000)
    rw space 12288K,  54% used [0x38110000, 0x387a4ce0, 0x387a4e00, 0x38d10000)

Dynamic libraries:
0x00400000 - 0x00424000 	C:\Program Files\Java\jre6\bin\javaw.exe
0x77480000 - 0x775bc000 	C:\Windows\SYSTEM32\ntdll.dll
0x764f0000 - 0x765c4000 	C:\Windows\system32\kernel32.dll
0x757e0000 - 0x7582b000 	C:\Windows\system32\KERNELBASE.dll
0x773e0000 - 0x77480000 	C:\Windows\system32\ADVAPI32.dll
0x763d0000 - 0x7647c000 	C:\Windows\system32\msvcrt.dll
0x775c0000 - 0x775d9000 	C:\Windows\SYSTEM32\sechost.dll
0x77600000 - 0x776a2000 	C:\Windows\system32\RPCRT4.dll
0x77300000 - 0x773c9000 	C:\Windows\system32\USER32.dll
0x772b0000 - 0x772fe000 	C:\Windows\system32\GDI32.dll
0x765d0000 - 0x765da000 	C:\Windows\system32\LPK.dll
0x76000000 - 0x7609d000 	C:\Windows\system32\USP10.dll
0x775e0000 - 0x775ff000 	C:\Windows\system32\IMM32.DLL
0x75b60000 - 0x75c2c000 	C:\Windows\system32\MSCTF.dll
0x75530000 - 0x75545000 	C:\Windows\system32\AMINIT32.DLL
0x7c340000 - 0x7c396000 	C:\Program Files\Java\jre6\bin\msvcr71.dll
0x6d800000 - 0x6da97000 	C:\Program Files\Java\jre6\bin\client\jvm.dll
0x73c30000 - 0x73c62000 	C:\Windows\system32\WINMM.dll
0x75460000 - 0x754ac000 	C:\Windows\system32\apphelp.dll
0x6d7b0000 - 0x6d7bc000 	C:\Program Files\Java\jre6\bin\verify.dll
0x6d330000 - 0x6d34f000 	C:\Program Files\Java\jre6\bin\java.dll
0x6d290000 - 0x6d298000 	C:\Program Files\Java\jre6\bin\hpi.dll
0x773d0000 - 0x773d5000 	C:\Windows\system32\PSAPI.DLL
0x6d7f0000 - 0x6d7ff000 	C:\Program Files\Java\jre6\bin\zip.dll
0x6d000000 - 0x6d14a000 	C:\Program Files\Java\jre6\bin\awt.dll
0x72b90000 - 0x72be1000 	C:\Windows\system32\WINSPOOL.DRV
0x75c30000 - 0x75d8c000 	C:\Windows\system32\ole32.dll
0x74490000 - 0x7462e000 	C:\Windows\WinSxS\x86_microsoft.windows.common-controls_6595b64144ccf1df_6.0.7601.17514_none_41e6975e2bd6f2b2\COMCTL32.dll
0x76490000 - 0x764e7000 	C:\Windows\system32\SHLWAPI.dll
0x73d60000 - 0x73d73000 	C:\Windows\system32\DWMAPI.DLL
0x754b0000 - 0x754bc000 	C:\Windows\system32\CRYPTBASE.dll
0x6d610000 - 0x6d623000 	C:\Program Files\Java\jre6\bin\net.dll
0x75d90000 - 0x75dc5000 	C:\Windows\system32\WS2_32.dll
0x76480000 - 0x76486000 	C:\Windows\system32\NSI.dll
0x74f90000 - 0x74fcc000 	C:\Windows\system32\mswsock.dll
0x74f80000 - 0x74f86000 	C:\Windows\System32\wship6.dll
0x74ac0000 - 0x74ac5000 	C:\Windows\System32\wshtcpip.dll
0x6d230000 - 0x6d284000 	C:\Program Files\Java\jre6\bin\fontmanager.dll
0x76660000 - 0x772aa000 	C:\Windows\system32\shell32.dll
0x74fd0000 - 0x74fe6000 	C:\Windows\system32\CRYPTSP.dll
0x74d70000 - 0x74dab000 	C:\Windows\system32\rsaenh.dll
0x74ba0000 - 0x74bb7000 	C:\Windows\system32\USERENV.dll
0x75550000 - 0x7555b000 	C:\Windows\system32\profapi.dll
0x74060000 - 0x74070000 	C:\Windows\system32\NLAapi.dll
0x72e60000 - 0x72e70000 	C:\Windows\system32\napinsp.dll
0x72e20000 - 0x72e32000 	C:\Windows\system32\pnrpnsp.dll
0x74e50000 - 0x74e94000 	C:\Windows\system32\DNSAPI.dll
0x72e70000 - 0x72e78000 	C:\Windows\System32\winrnr.dll
0x73bb0000 - 0x73bcc000 	C:\Windows\system32\IPHLPAPI.DLL
0x73dc0000 - 0x73dc7000 	C:\Windows\system32\WINNSI.DLL
0x73160000 - 0x73166000 	C:\Windows\system32\rasadhlp.dll
0x73ce0000 - 0x73d18000 	C:\Windows\System32\fwpuclnt.dll
0x6ef00000 - 0x6ef0e000 	T:\Tmp\JNativeHook_6142891062712317521.dll
0x73960000 - 0x73964000 	C:\Windows\system32\KBDSP.DLL
0x73970000 - 0x73974000 	C:\Windows\system32\KBDUS.DLL
0x6d630000 - 0x6d639000 	C:\Program Files\Java\jre6\bin\nio.dll
0x74450000 - 0x74490000 	C:\Windows\system32\UxTheme.dll
0x6d360000 - 0x6d366000 	C:\Program Files\Java\jre6\bin\jawt.dll
0x10000000 - 0x1000e000 	C:\Users\mgamgul1\.swt\lib\win32\x86\swt-awt-win32-4332.dll
0x762b0000 - 0x7633f000 	C:\Windows\system32\OLEAUT32.DLL
0x73490000 - 0x734bf000 	C:\Windows\System32\jacob-1.18-M2-x86.dll
0x76340000 - 0x763c3000 	C:\Windows\system32\CLBCatQ.DLL
0x754c0000 - 0x754ce000 	C:\Windows\system32\RpcRtRemote.dll
0x754d0000 - 0x7552f000 	C:\Windows\system32\SXS.DLL

VM Arguments:
jvm_args: -Dfile.encoding=Cp1252 
java_command: es.mgamallo.prometeo.Inicio
Launcher Type: SUN_STANDARD

Environment Variables:
CLASSPATH=.;C:\Program Files\Java\jre6\lib\ext\QTJava.zip
PATH=C:/Program Files/Java/jre6/bin/client;C:/Program Files/Java/jre6/bin;C:/Program Files/Java/jre6/lib/i386;C:\Windows\system32;C:\Windows;C:\Windows\System32\Wbem;C:\Windows\System32\WindowsPowerShell\v1.0\;C:\Program Files\Enterprise Vault\EVClient\;C:\Program Files\QuickTime\QTSystem\;C:\Program Files\Oberthur Technologies\AuthentIC Webpack\Dlls;C:\Program Files\Symantec\pcAnywhere\;C:\informix\bin;C:\Program Files\Agfa\IMPAX Client\;C:\Program Files\Intel\OpenCL SDK\3.0\bin\x86;C:\Users\mgamgul1\Desktop\Eclipse JEE Luna win32 02 R\eclipse;
USERNAME=mgamgul1
OS=Windows_NT
PROCESSOR_IDENTIFIER=x86 Family 6 Model 60 Stepping 3, GenuineIntel



---------------  S Y S T E M  ---------------

OS: Windows 7 Build 7601 Service Pack 1

CPU:total 4 (8 cores per cpu, 2 threads per core) family 6 model 60 stepping 3, cmov, cx8, fxsr, mmx, sse, sse2, sse3, ssse3, sse4.1, sse4.2, popcnt, ht

Memory: 4k page, physical 3588912k(641772k free), swap 5684312k(1494572k free)

vm_info: Java HotSpot(TM) Client VM (16.0-b13) for windows-x86 JRE (1.6.0_18-b07), built on Dec 17 2009 13:35:55 by "java_re" with MS VC++ 7.1 (VS2003)

time: Tue Apr 07 09:12:15 2015
elapsed time: 200 seconds

