#
# An unexpected error has been detected by Java Runtime Environment:
#
#  EXCEPTION_ACCESS_VIOLATION (0xc0000005) at pc=0x05fa622a, pid=4824, tid=2760
#
# Java VM: Java HotSpot(TM) Client VM (10.0-b23 mixed mode, sharing windows-x86)
# Problematic frame:
# C  [BIB.dll+0x622a]
#
# If you would like to submit a bug report, please visit:
#   http://java.sun.com/webapps/bugreport/crash.jsp
#

---------------  T H R E A D  ---------------

Current thread (0x02acc400):  VMThread [stack: 0x02bb0000,0x02c00000] [id=2760]

siginfo: ExceptionCode=0xc0000005, reading address 0x00000014

Registers:
EAX=0x0b997834, EBX=0x05fb9a54, ECX=0x00000000, EDX=0x0b997834
ESP=0x02bffb7c, EBP=0x05fb9a54, ESI=0x0b9a5450, EDI=0x00000000
EIP=0x05fa622a, EFLAGS=0x00010202

Top of Stack: (sp=0x02bffb7c)
0x02bffb7c:   0b9a5450 0b9a856c 0b9a8568 0b997834
0x02bffb8c:   0b98c0f4 0b98bbe0 05fa631b 0b9a5450
0x02bffb9c:   05fb9a6c 05fb9a54 02bffc0c 0b9a856c
0x02bffbac:   0b901188 05fb9a54 00000000 05fa668b
0x02bffbbc:   0b9a856c a72d849e 02ef96fc 0b9a856c
0x02bffbcc:   05fb9f18 02bffc40 05fafc58 00000000
0x02bffbdc:   05fa7a1c 05fb9a6c 78543607 05faff47
0x02bffbec:   00000001 05fa6a8a 05faff3b 00000001 

Instructions: (pc=0x05fa622a)
0x05fa621a:   ff 8b 44 24 08 3b c7 74 04 8b 08 eb 02 33 c9 56
0x05fa622a:   8b 71 14 3b c7 74 0d 39 38 74 09 50 e8 d5 fd ff 


Stack: [0x02bb0000,0x02c00000],  sp=0x02bffb7c,  free space=318k
Native frames: (J=compiled Java code, j=interpreted, Vv=VM code, C=native code)
C  [BIB.dll+0x622a]

VM_Operation (0x0345fa88): Exit, mode: safepoint, requested by thread 0x02f74400


---------------  P R O C E S S  ---------------

Java Threads: ( => current thread )
  0x00306000 JavaThread "DestroyJavaVM" [_thread_blocked, id=2792, stack(0x008f0000,0x00940000)]
  0x02b2b800 JavaThread "Forced VM termination thread" [_thread_blocked, id=4800, stack(0x0be50000,0x0bea0000)]
  0x02f61c00 JavaThread "Registry cleanup thread-0" daemon [_thread_blocked, id=4132, stack(0x042b0000,0x04300000)]
  0x02f74400 JavaThread "NativeSwing[1] SWT Receiver" daemon [_thread_blocked, id=5760, stack(0x03410000,0x03460000)]
  0x02ade400 JavaThread "Low Memory Detector" daemon [_thread_blocked, id=3424, stack(0x02d90000,0x02de0000)]
  0x02ad8c00 JavaThread "CompilerThread0" daemon [_thread_blocked, id=816, stack(0x02d40000,0x02d90000)]
  0x02ad7800 JavaThread "Attach Listener" daemon [_thread_blocked, id=1872, stack(0x02cf0000,0x02d40000)]
  0x02ad6800 JavaThread "Signal Dispatcher" daemon [_thread_blocked, id=4464, stack(0x02ca0000,0x02cf0000)]
  0x02ad2000 JavaThread "Finalizer" daemon [_thread_blocked, id=5204, stack(0x02c50000,0x02ca0000)]
  0x02acd800 JavaThread "Reference Handler" daemon [_thread_blocked, id=3368, stack(0x02c00000,0x02c50000)]

Other Threads:
=>0x02acc400 VMThread [stack: 0x02bb0000,0x02c00000] [id=2760]

VM state:at safepoint (shutting down)

VM Mutex/Monitor currently owned by a thread:  ([mutex/lock_event])
[0x00305650/0x0000270c] Threads_lock - owner thread: 0x02acc400

Heap
 def new generation   total 960K, used 418K [0x229e0000, 0x22ae0000, 0x22ec0000)
  eden space 896K,  43% used [0x229e0000, 0x22a426f8, 0x22ac0000)
  from space 64K,  37% used [0x22ac0000, 0x22ac6128, 0x22ad0000)
  to   space 64K,   0% used [0x22ad0000, 0x22ad0000, 0x22ae0000)
 tenured generation   total 4096K, used 394K [0x22ec0000, 0x232c0000, 0x269e0000)
   the space 4096K,   9% used [0x22ec0000, 0x22f22a08, 0x22f22c00, 0x232c0000)
 compacting perm gen  total 12288K, used 2228K [0x269e0000, 0x275e0000, 0x2a9e0000)
   the space 12288K,  18% used [0x269e0000, 0x26c0d0a0, 0x26c0d200, 0x275e0000)
    ro space 8192K,  62% used [0x2a9e0000, 0x2aee2ba0, 0x2aee2c00, 0x2b1e0000)
    rw space 12288K,  52% used [0x2b1e0000, 0x2b8288e0, 0x2b828a00, 0x2bde0000)

Dynamic libraries:
0x00400000 - 0x00423000 	C:\Archivos de programa\Java\jre1.6.0_07\bin\java.exe
0x7c910000 - 0x7c9c8000 	C:\WINDOWS\system32\ntdll.dll
0x7c800000 - 0x7c903000 	C:\WINDOWS\system32\kernel32.dll
0x77da0000 - 0x77e4c000 	C:\WINDOWS\system32\ADVAPI32.dll
0x77e50000 - 0x77ee3000 	C:\WINDOWS\system32\RPCRT4.dll
0x77fc0000 - 0x77fd1000 	C:\WINDOWS\system32\Secur32.dll
0x7c340000 - 0x7c396000 	C:\Archivos de programa\Java\jre1.6.0_07\bin\msvcr71.dll
0x6d7c0000 - 0x6da10000 	C:\Archivos de programa\Java\jre1.6.0_07\bin\client\jvm.dll
0x7e390000 - 0x7e421000 	C:\WINDOWS\system32\USER32.dll
0x77ef0000 - 0x77f39000 	C:\WINDOWS\system32\GDI32.dll
0x76b00000 - 0x76b2e000 	C:\WINDOWS\system32\WINMM.dll
0x76340000 - 0x7635d000 	C:\WINDOWS\system32\IMM32.DLL
0x10000000 - 0x10015000 	C:\WINDOWS\system32\AMINIT32.DLL
0x6d270000 - 0x6d278000 	C:\Archivos de programa\Java\jre1.6.0_07\bin\hpi.dll
0x76bb0000 - 0x76bbb000 	C:\WINDOWS\system32\PSAPI.DLL
0x6d770000 - 0x6d77c000 	C:\Archivos de programa\Java\jre1.6.0_07\bin\verify.dll
0x6d310000 - 0x6d32f000 	C:\Archivos de programa\Java\jre1.6.0_07\bin\java.dll
0x6d7b0000 - 0x6d7bf000 	C:\Archivos de programa\Java\jre1.6.0_07\bin\zip.dll
0x6d570000 - 0x6d583000 	C:\Archivos de programa\Java\jre1.6.0_07\bin\net.dll
0x71a30000 - 0x71a47000 	C:\WINDOWS\system32\WS2_32.dll
0x77be0000 - 0x77c38000 	C:\WINDOWS\system32\msvcrt.dll
0x71a20000 - 0x71a28000 	C:\WINDOWS\system32\WS2HELP.dll
0x719d0000 - 0x71a10000 	C:\WINDOWS\system32\mswsock.dll
0x66740000 - 0x66799000 	C:\WINDOWS\system32\hnetcfg.dll
0x71a10000 - 0x71a18000 	C:\WINDOWS\System32\wshtcpip.dll
0x03120000 - 0x03190000 	C:\Documents and Settings\mgamgul1\.swt\lib\win32\x86\swt-win32-4332.dll
0x774b0000 - 0x775ee000 	C:\WINDOWS\system32\ole32.dll
0x770f0000 - 0x7717b000 	C:\WINDOWS\system32\OLEAUT32.dll
0x76360000 - 0x763aa000 	C:\WINDOWS\system32\comdlg32.dll
0x773a0000 - 0x774a3000 	C:\WINDOWS\WinSxS\x86_Microsoft.Windows.Common-Controls_6595b64144ccf1df_6.0.2600.6028_x-ww_61e65202\COMCTL32.dll
0x77f40000 - 0x77fb6000 	C:\WINDOWS\system32\SHLWAPI.dll
0x7e6a0000 - 0x7eec1000 	C:\WINDOWS\system32\SHELL32.dll
0x72f80000 - 0x72fa6000 	C:\WINDOWS\system32\WINSPOOL.DRV
0x74d20000 - 0x74d8b000 	C:\WINDOWS\system32\USP10.dll
0x3fa00000 - 0x3fae7000 	C:\WINDOWS\system32\WININET.dll
0x031a0000 - 0x031a9000 	C:\WINDOWS\system32\Normaliz.dll
0x44430000 - 0x44564000 	C:\WINDOWS\system32\urlmon.dll
0x400a0000 - 0x4028c000 	C:\WINDOWS\system32\iertutil.dll
0x77a50000 - 0x77ae8000 	C:\WINDOWS\system32\CRYPT32.dll
0x77af0000 - 0x77b02000 	C:\WINDOWS\system32\MSASN1.dll
0x58c30000 - 0x58cca000 	C:\WINDOWS\system32\comctl32.dll
0x746b0000 - 0x746fc000 	C:\WINDOWS\system32\MSCTF.dll
0x75160000 - 0x7518e000 	C:\WINDOWS\system32\msctfime.ime
0x6d000000 - 0x6d12e000 	C:\Archivos de programa\Java\jre1.6.0_07\bin\awt.dll
0x76f90000 - 0x7700f000 	C:\WINDOWS\system32\CLBCATQ.DLL
0x77010000 - 0x770e0000 	C:\WINDOWS\system32\COMRes.dll
0x77bd0000 - 0x77bd8000 	C:\WINDOWS\system32\VERSION.dll
0x40290000 - 0x40d2d000 	C:\WINDOWS\system32\ieframe.dll
0x76980000 - 0x76a31000 	C:\WINDOWS\system32\SXS.DLL
0x03a80000 - 0x03d56000 	C:\WINDOWS\system32\xpsp2res.dll
0x03e50000 - 0x04291000 	C:\WINDOWS\system32\msi.dll
0x77b10000 - 0x77b32000 	C:\WINDOWS\system32\appHelp.dll
0x3e6b0000 - 0x3ec71000 	C:\WINDOWS\system32\mshtml.dll
0x04b70000 - 0x04b99000 	C:\WINDOWS\system32\msls31.dll
0x75dd0000 - 0x75e61000 	C:\WINDOWS\system32\MLANG.dll
0x3f940000 - 0x3f9f4000 	C:\WINDOWS\system32\jscript.dll
0x74680000 - 0x746aa000 	C:\WINDOWS\system32\msimtf.dll
0x778f0000 - 0x779e7000 	C:\WINDOWS\system32\SETUPAPI.dll
0x5b150000 - 0x5b188000 	C:\WINDOWS\system32\uxtheme.dll
0x76630000 - 0x766e5000 	C:\WINDOWS\system32\USERENV.dll
0x72ca0000 - 0x72ca9000 	C:\WINDOWS\system32\wdmaud.drv
0x76bf0000 - 0x76c1e000 	C:\WINDOWS\system32\WINTRUST.dll
0x76c50000 - 0x76c79000 	C:\WINDOWS\system32\IMAGEHLP.dll
0x72c90000 - 0x72c98000 	C:\WINDOWS\system32\msacm32.drv
0x77bb0000 - 0x77bc5000 	C:\WINDOWS\system32\MSACM32.dll
0x77ba0000 - 0x77ba7000 	C:\WINDOWS\system32\midimap.dll
0x4eba0000 - 0x4ed4b000 	C:\WINDOWS\WinSxS\x86_Microsoft.Windows.GdiPlus_6595b64144ccf1df_1.0.6002.23084_x-ww_f3f35550\gdiplus.dll
0x05830000 - 0x0583a000 	C:\WINDOWS\system32\ddrawex.dll
0x736e0000 - 0x7372b000 	C:\WINDOWS\system32\DDRAW.dll
0x73b40000 - 0x73b46000 	C:\WINDOWS\system32\DCIMAN32.dll
0x738c0000 - 0x73990000 	C:\WINDOWS\system32\D3DIM700.DLL
0x1b000000 - 0x1b00c000 	C:\WINDOWS\system32\ImgUtil.dll
0x1b060000 - 0x1b06e000 	C:\WINDOWS\system32\pngfilt.dll
0x6e000000 - 0x6e0bb000 	C:\Archivos de programa\Archivos comunes\Adobe\Acrobat\ActiveX\AcroPDF.dll
0x71aa0000 - 0x71ab2000 	C:\WINDOWS\system32\MPR.dll
0x78480000 - 0x7850d000 	C:\WINDOWS\WinSxS\x86_Microsoft.VC90.CRT_1fc8b3b9a1e18e3b_9.0.21022.8_x-ww_d08d0375\MSVCP90.dll
0x78520000 - 0x785c3000 	C:\WINDOWS\WinSxS\x86_Microsoft.VC90.CRT_1fc8b3b9a1e18e3b_9.0.21022.8_x-ww_d08d0375\MSVCR90.dll
0x05ea0000 - 0x05eee000 	C:\Archivos de programa\Archivos comunes\Adobe\Acrobat\ActiveX\AcroPDF.ESP
0x05c60000 - 0x05c7d000 	C:\Archivos de programa\Adobe\Acrobat 10.0\Acrobat\bib.dll
0x60000000 - 0x61c72000 	C:\Archivos de programa\Adobe\Acrobat 10.0\Acrobat\Acrobat.dll
0x07bc0000 - 0x0812e000 	C:\Archivos de programa\Adobe\Acrobat 10.0\Acrobat\AGM.dll
0x08130000 - 0x083d0000 	C:\Archivos de programa\Adobe\Acrobat 10.0\Acrobat\CoolType.dll
0x05fa0000 - 0x05fbd000 	C:\Archivos de programa\Adobe\Acrobat 10.0\Acrobat\BIB.dll
0x09000000 - 0x090ca000 	C:\Archivos de programa\Adobe\Acrobat 10.0\Acrobat\ACE.dll
0x090d0000 - 0x09ad0000 	C:\Documents and Settings\mgamgul1\Configuración local\Datos de programa\Adobe\Acrobat\10.0\Cache\AcLang_exlang32.esp
0x20800000 - 0x21418000 	C:\Archivos de programa\Adobe\Acrobat 10.0\Acrobat\plug_ins\AcroForm.api
0x72250000 - 0x72255000 	C:\WINDOWS\system32\SensApi.dll
0x08bd0000 - 0x08c66000 	C:\Archivos de programa\Adobe\Acrobat 10.0\Acrobat\AXSLE.dll
0x08c70000 - 0x08db2000 	C:\Documents and Settings\mgamgul1\Configuración local\Datos de programa\Adobe\Acrobat\10.0\Cache\AcLang_AcroForm.ESP
0x08dc0000 - 0x08f2a000 	C:\Archivos de programa\Adobe\Acrobat 10.0\Acrobat\plug_ins\DigSig.api
0x08f30000 - 0x08f7d000 	C:\Documents and Settings\mgamgul1\Configuración local\Datos de programa\Adobe\Acrobat\10.0\Cache\AcLang_DigSig.ESP
0x09ad0000 - 0x0a21d000 	C:\Archivos de programa\Adobe\Acrobat 10.0\Acrobat\plug_ins\PPKLite.api
0x71a50000 - 0x71a5a000 	C:\WINDOWS\system32\WSOCK32.dll
0x0a220000 - 0x0a33d000 	C:\Documents and Settings\mgamgul1\Configuración local\Datos de programa\Adobe\Acrobat\10.0\Cache\AcLang_PPKLite.ESP
0x0a340000 - 0x0a4f5000 	C:\Archivos de programa\Adobe\Acrobat 10.0\Acrobat\plug_ins\EScript.api
0x07380000 - 0x0739a000 	C:\Documents and Settings\mgamgul1\Configuración local\Datos de programa\Adobe\Acrobat\10.0\Cache\AcLang_EScript.ESP
0x08f90000 - 0x08fdc000 	C:\Archivos de programa\Adobe\Acrobat 10.0\Acrobat\AdobeXMP.dll
0x0a900000 - 0x0a983000 	C:\Archivos de programa\Adobe\Acrobat 10.0\Acrobat\plug_ins\Accessibility.api
0x0a990000 - 0x0a9a4000 	C:\Documents and Settings\mgamgul1\Configuración local\Datos de programa\Adobe\Acrobat\10.0\Cache\AcLang_Accessibility.ESP
0x22100000 - 0x2275e000 	C:\Archivos de programa\Adobe\Acrobat 10.0\Acrobat\plug_ins\Annots.api
0x0ae10000 - 0x0b079000 	C:\Documents and Settings\mgamgul1\Configuración local\Datos de programa\Adobe\Acrobat\10.0\Cache\AcLang_Annots.ESP
0x0c0d0000 - 0x0c2c5000 	C:\Archivos de programa\Adobe\Acrobat 10.0\Acrobat\cryptocme2.dll
0x0c2e0000 - 0x0c497000 	C:\Archivos de programa\Adobe\Acrobat 10.0\Acrobat\ccme_base.dll
0x68000000 - 0x68036000 	C:\WINDOWS\system32\rsaenh.dll
0x597f0000 - 0x59845000 	C:\WINDOWS\system32\netapi32.dll
0x0be20000 - 0x0be48000 	C:\Archivos de programa\Adobe\Acrobat 10.0\Acrobat\BIBUtils.dll
0x0bb10000 - 0x0bb50000 	C:\Archivos de programa\Adobe\Acrobat 10.0\Acrobat\sqlite.dll
0x76f10000 - 0x76f18000 	C:\WINDOWS\system32\Wtsapi32.dll
0x76310000 - 0x76320000 	C:\WINDOWS\system32\WINSTA.dll
0x73ab0000 - 0x73ac5000 	C:\WINDOWS\system32\mscms.dll

VM Arguments:
jvm_args: -Dnativeswing.localhostAddress=127.0.0.1 -Djava.library.path=C:\Archivos de programa\Java\jre1.6.0_07\bin;.;C:\WINDOWS\Sun\Java\bin;C:\WINDOWS\system32;C:\WINDOWS;C:/Archivos de programa/Java/jre1.6.0_07/bin/client;C:/Archivos de programa/Java/jre1.6.0_07/bin;C:/Archivos de programa/Java/jre1.6.0_07/lib/i386;C:\WINDOWS\system32;C:\WINDOWS;C:\WINDOWS\System32\Wbem;C:\WINDOWS\system32\WindowsPowerShell\v1.0;C:\WINDOWS\system32\WindowsPowerShell\v1.0;C:\Archivos de programa\Symantec\pcAnywhere\;C:\Archivos de programa\Enterprise Vault\EVClient\;C:\Archivos de programa\Oberthur Technologies\AuthentIC Webpack\Dlls;D:\Programas\eclipse-jee-luna-SR1-win32\eclipse; 
java_command: chrriis.dj.nativeswing.swtimpl.NativeInterface 1 2418
Launcher Type: SUN_STANDARD

Environment Variables:
PATH=C:\Archivos de programa\Adobe\Acrobat 10.0\Acrobat\plug_ins;C:\Archivos de programa\Adobe\Acrobat 10.0\Acrobat;C:/Archivos de programa/Java/jre1.6.0_07/bin/client;C:/Archivos de programa/Java/jre1.6.0_07/bin;C:/Archivos de programa/Java/jre1.6.0_07/lib/i386;C:\WINDOWS\system32;C:\WINDOWS;C:\WINDOWS\System32\Wbem;C:\WINDOWS\system32\WindowsPowerShell\v1.0;C:\WINDOWS\system32\WindowsPowerShell\v1.0;C:\Archivos de programa\Symantec\pcAnywhere\;C:\Archivos de programa\Enterprise Vault\EVClient\;C:\Archivos de programa\Oberthur Technologies\AuthentIC Webpack\Dlls;D:\Programas\eclipse-jee-luna-SR1-win32\eclipse;;C:\Archivos de programa\Adobe\Acrobat 10.0\Acrobat\plug_ins\test_tools
USERNAME=mgamgul1
OS=Windows_NT
PROCESSOR_IDENTIFIER=x86 Family 6 Model 23 Stepping 10, GenuineIntel



---------------  S Y S T E M  ---------------

OS: Windows XP Build 2600 Service Pack 3

CPU:total 2 (2 cores per cpu, 1 threads per core) family 6 model 7 stepping 10, cmov, cx8, fxsr, mmx, sse, sse2, sse3, ssse3

Memory: 4k page, physical 2077872k(815356k free), swap 4017672k(2821592k free)

vm_info: Java HotSpot(TM) Client VM (10.0-b23) for windows-x86 JRE (1.6.0_07-b06), built on Jun 10 2008 01:14:11 by "java_re" with MS VC++ 7.1

time: Tue Oct 14 09:58:29 2014
elapsed time: 179 seconds

